2015-03-01 11:32:56+0100 [scrapy] INFO: Scrapy 0.24.5 started (bot: YumlyScraper)
2015-03-01 11:32:56+0100 [scrapy] INFO: Optional features available: ssl, http11
2015-03-01 11:32:56+0100 [scrapy] INFO: Overridden settings: {'NEWSPIDER_MODULE': 'YumlyScraper.spiders', 'FEED_URI': 'test.json', 'SPIDER_MODULES': ['YumlyScraper.spiders'], 'BOT_NAME': 'YumlyScraper', 'FEED_FORMAT': 'json', 'LOG_FILE': 'log.txt'}
2015-03-01 11:32:56+0100 [scrapy] INFO: Enabled extensions: FeedExporter, LogStats, TelnetConsole, CloseSpider, WebService, CoreStats, SpiderState
2015-03-01 11:32:56+0100 [scrapy] INFO: Enabled downloader middlewares: HttpAuthMiddleware, DownloadTimeoutMiddleware, UserAgentMiddleware, RetryMiddleware, DefaultHeadersMiddleware, MetaRefreshMiddleware, HttpCompressionMiddleware, RedirectMiddleware, CookiesMiddleware, ChunkedTransferMiddleware, DownloaderStats
2015-03-01 11:32:56+0100 [scrapy] INFO: Enabled spider middlewares: HttpErrorMiddleware, OffsiteMiddleware, RefererMiddleware, UrlLengthMiddleware, DepthMiddleware
2015-03-01 11:32:56+0100 [scrapy] INFO: Enabled item pipelines: 
2015-03-01 11:32:56+0100 [YumlyScraper] INFO: Spider opened
2015-03-01 11:32:56+0100 [YumlyScraper] INFO: Crawled 0 pages (at 0 pages/min), scraped 0 items (at 0 items/min)
2015-03-01 11:32:56+0100 [scrapy] DEBUG: Telnet console listening on 127.0.0.1:6025
2015-03-01 11:32:56+0100 [scrapy] DEBUG: Web service listening on 127.0.0.1:6082
2015-03-01 11:32:57+0100 [YumlyScraper] DEBUG: Crawled (200) <GET http://www.yummly.com/recipe/Chinese-American-Chow-Mein-608429> (referer: None)
2015-03-01 11:32:57+0100 [YumlyScraper] DEBUG: Redirecting (302) to <GET http://www.yummly.com/login?entry=/my-recipes> from <GET http://www.yummly.com/my-recipes>
2015-03-01 11:32:58+0100 [YumlyScraper] DEBUG: Crawled (200) <GET http://www.yummly.com/page/allfoodrecipes> (referer: http://www.yummly.com/recipe/Chinese-American-Chow-Mein-608429)
2015-03-01 11:32:58+0100 [YumlyScraper] DEBUG: Filtered duplicate request: <GET http://www.yummly.com/my-recipes> - no more duplicates will be shown (see DUPEFILTER_DEBUG to show all duplicates)
2015-03-01 11:32:58+0100 [YumlyScraper] DEBUG: Crawled (200) <GET http://www.yummly.com/recipes/vanilla-rum-syrup> (referer: http://www.yummly.com/recipe/Chinese-American-Chow-Mein-608429)
2015-03-01 11:32:58+0100 [YumlyScraper] DEBUG: Crawled (200) <GET http://www.yummly.com/recipes/orange-slice-date-cake> (referer: http://www.yummly.com/recipe/Chinese-American-Chow-Mein-608429)
2015-03-01 11:32:58+0100 [YumlyScraper] DEBUG: Crawled (200) <GET http://www.yummly.com/recipes/gluten-free-lemon-sauce> (referer: http://www.yummly.com/recipe/Chinese-American-Chow-Mein-608429)
2015-03-01 11:32:58+0100 [YumlyScraper] DEBUG: Crawled (200) <GET http://www.yummly.com/recipes/greek-pasta-chicken-salad-kalamata-olives> (referer: http://www.yummly.com/recipe/Chinese-American-Chow-Mein-608429)
2015-03-01 11:32:58+0100 [YumlyScraper] DEBUG: Crawled (200) <GET http://www.yummly.com/recipes/cake-with-cherry-juice> (referer: http://www.yummly.com/recipe/Chinese-American-Chow-Mein-608429)
2015-03-01 11:32:58+0100 [YumlyScraper] DEBUG: Crawled (200) <GET http://www.yummly.com/recipes/vodka-martini-with-olive> (referer: http://www.yummly.com/recipe/Chinese-American-Chow-Mein-608429)
2015-03-01 11:32:58+0100 [YumlyScraper] DEBUG: Filtered offsite request to 'www.allfood.recipes': <GET http://www.allfood.recipes/>
2015-03-01 11:32:58+0100 [YumlyScraper] DEBUG: Filtered offsite request to 'pinterest.com': <GET http://pinterest.com/pin/create/button/?description=All+Food+Recipes+on+Yummly&media=http%3A%2F%2Fyummly-static.s3.amazonaws.com%2Fprofile%2Fempty-profile-image.png&url=http%3A%2F%2Fwww.yummly.com%2Fpage%2Fallfoodrecipes>
2015-03-01 11:33:00+0100 [YumlyScraper] DEBUG: Crawled (200) <GET http://www.yummly.com/recipes/mustard-shallot-dressing> (referer: http://www.yummly.com/recipe/Chinese-American-Chow-Mein-608429)
2015-03-01 11:33:00+0100 [YumlyScraper] DEBUG: Crawled (200) <GET http://www.yummly.com/recipes/homemade-cream-cheese-cookies> (referer: http://www.yummly.com/recipe/Chinese-American-Chow-Mein-608429)
2015-03-01 11:33:00+0100 [YumlyScraper] DEBUG: Crawled (200) <GET http://www.yummly.com/recipes/sugar-free-banana-pies> (referer: http://www.yummly.com/recipe/Chinese-American-Chow-Mein-608429)
2015-03-01 11:33:00+0100 [YumlyScraper] DEBUG: Crawled (200) <GET http://www.yummly.com/recipes/homemade-vanilla-ice-cream-without-half-and-half> (referer: http://www.yummly.com/recipe/Chinese-American-Chow-Mein-608429)
2015-03-01 11:33:00+0100 [YumlyScraper] DEBUG: Crawled (200) <GET http://www.yummly.com/recipes/simple-french-toast-without-milk> (referer: http://www.yummly.com/recipe/Chinese-American-Chow-Mein-608429)
2015-03-01 11:33:00+0100 [YumlyScraper] DEBUG: Crawled (200) <GET http://www.yummly.com/recipes/achiote-seasoning> (referer: http://www.yummly.com/recipe/Chinese-American-Chow-Mein-608429)
2015-03-01 11:33:00+0100 [YumlyScraper] DEBUG: Crawled (200) <GET http://www.yummly.com/recipes/garlic-and-herb-marinated-turkey> (referer: http://www.yummly.com/recipe/Chinese-American-Chow-Mein-608429)
2015-03-01 11:33:00+0100 [YumlyScraper] DEBUG: Crawled (200) <GET http://www.yummly.com/recipes/homemade-breakfast-meals> (referer: http://www.yummly.com/recipe/Chinese-American-Chow-Mein-608429)
2015-03-01 11:33:00+0100 [YumlyScraper] DEBUG: Filtered offsite request to 'www.facebook.com': <GET http://www.facebook.com/sharer/sharer.php?d=Vanilla+Rum+Syrup+Recipes&u=http%3A%2F%2Fwww.yummly.com%2Frecipes%2Fvanilla-rum-syrup>
2015-03-01 11:33:00+0100 [YumlyScraper] DEBUG: Filtered offsite request to 'twitter.com': <GET http://twitter.com/intent/tweet?source=webclient&text=Vanilla+Rum+Syrup+Recipes+http%3A%2F%2Fwww.yummly.com%2Frecipes%2Fvanilla-rum-syrup+via+%40Yummly>
2015-03-01 11:33:00+0100 [YumlyScraper] DEBUG: Filtered offsite request to 'plus.google.com': <GET http://plus.google.com/share?url=http%3A%2F%2Fwww.yummly.com%2Frecipes%2Fvanilla-rum-syrup>
2015-03-01 11:33:00+0100 [YumlyScraper] DEBUG: Filtered offsite request to 'www.stumbleupon.com': <GET http://www.stumbleupon.com/badge/?url=http%3A%2F%2Fwww.yummly.com%2Frecipes%2Fvanilla-rum-syrup>
2015-03-01 11:33:02+0100 [YumlyScraper] DEBUG: Crawled (200) <GET http://www.yummly.com/login?entry=/my-recipes> (referer: http://www.yummly.com/recipe/Chinese-American-Chow-Mein-608429)
2015-03-01 11:33:02+0100 [YumlyScraper] DEBUG: Crawled (200) <GET http://www.yummly.com/recipes/holiday-bread-rolls> (referer: http://www.yummly.com/recipe/Chinese-American-Chow-Mein-608429)
2015-03-01 11:33:02+0100 [YumlyScraper] DEBUG: Crawled (200) <GET http://www.yummly.com/recipes/three-cheese-biscuits> (referer: http://www.yummly.com/recipe/Chinese-American-Chow-Mein-608429)
2015-03-01 11:33:02+0100 [YumlyScraper] DEBUG: Crawled (200) <GET http://www.yummly.com/recipes/full-cream-cheese> (referer: http://www.yummly.com/recipe/Chinese-American-Chow-Mein-608429)
2015-03-01 11:33:02+0100 [YumlyScraper] DEBUG: Crawled (200) <GET http://www.yummly.com/recipes/pineapple-kiwi-and-strawberries> (referer: http://www.yummly.com/recipe/Chinese-American-Chow-Mein-608429)
2015-03-01 11:33:02+0100 [YumlyScraper] DEBUG: Crawled (200) <GET http://www.yummly.com/recipes/cinnamon-candied-almonds-with-cayenne-pepper> (referer: http://www.yummly.com/recipe/Chinese-American-Chow-Mein-608429)
2015-03-01 11:33:02+0100 [YumlyScraper] DEBUG: Crawled (200) <GET http://www.yummly.com/recipes/bacon-garlic-potato-casserole> (referer: http://www.yummly.com/recipe/Chinese-American-Chow-Mein-608429)
2015-03-01 11:33:03+0100 [YumlyScraper] DEBUG: Crawled (200) <GET http://www.yummly.com/recipes/frozen-green-mussels> (referer: http://www.yummly.com/recipe/Chinese-American-Chow-Mein-608429)
2015-03-01 11:33:04+0100 [YumlyScraper] DEBUG: Crawled (200) <GET http://www.yummly.com/recipes?q=> (referer: http://www.yummly.com/page/allfoodrecipes)
2015-03-01 11:33:04+0100 [YumlyScraper] DEBUG: Crawled (200) <GET http://www.yummly.com/page/allfoodrecipes/recipes> (referer: http://www.yummly.com/page/allfoodrecipes)
2015-03-01 11:33:04+0100 [YumlyScraper] DEBUG: Crawled (200) <GET http://www.yummly.com/recipes/thanksgiving-appetizers-with-fruit> (referer: http://www.yummly.com/recipe/Chinese-American-Chow-Mein-608429)
2015-03-01 11:33:04+0100 [YumlyScraper] DEBUG: Crawled (200) <GET http://www.yummly.com/recipes/healthy-fat-free-snacks> (referer: http://www.yummly.com/recipe/Chinese-American-Chow-Mein-608429)
2015-03-01 11:33:04+0100 [YumlyScraper] DEBUG: Crawled (200) <GET http://www.yummly.com/recipes/spicy-tortilla-chips> (referer: http://www.yummly.com/recipe/Chinese-American-Chow-Mein-608429)
2015-03-01 11:33:05+0100 [YumlyScraper] DEBUG: Retrying <GET http://www.yummly.com/profile/allfoodrecipes/recipes> (failed 1 times): 500 Internal Server Error
2015-03-01 11:33:05+0100 [YumlyScraper] DEBUG: Crawled (200) <GET http://www.yummly.com/recipes/pork-steak-with-cream-of-mushroom-soup> (referer: http://www.yummly.com/recipe/Chinese-American-Chow-Mein-608429)
2015-03-01 11:33:06+0100 [YumlyScraper] DEBUG: Crawled (200) <GET http://www.yummly.com/recipes/chicken-broccoli-mushroom-soup-mayonnaise-casserole> (referer: http://www.yummly.com/recipes/vodka-martini-with-olive)
2015-03-01 11:33:06+0100 [YumlyScraper] DEBUG: Crawled (200) <GET http://www.yummly.com/recipes/healthy-chocolate-syrup> (referer: http://www.yummly.com/recipes/vodka-martini-with-olive)
2015-03-01 11:33:06+0100 [YumlyScraper] DEBUG: Crawled (200) <GET http://www.yummly.com/recipes/cheesy-baked-red-potato> (referer: http://www.yummly.com/recipes/vodka-martini-with-olive)
2015-03-01 11:33:06+0100 [YumlyScraper] DEBUG: Crawled (200) <GET http://www.yummly.com/recipes/italian-sausage-tortellini-salad> (referer: http://www.yummly.com/recipes/vodka-martini-with-olive)
2015-03-01 11:33:06+0100 [YumlyScraper] DEBUG: Crawled (200) <GET http://www.yummly.com/recipes/caramel-marshmallows-condensed-milk> (referer: http://www.yummly.com/recipes/vodka-martini-with-olive)
2015-03-01 11:33:08+0100 [scrapy] INFO: Received SIGINT, shutting down gracefully. Send again to force 
2015-03-01 11:33:08+0100 [YumlyScraper] DEBUG: Crawled (200) <GET http://www.yummly.com/recipes/tomato-feta-salad-lemon> (referer: http://www.yummly.com/recipes/homemade-breakfast-meals)
2015-03-01 11:33:08+0100 [YumlyScraper] DEBUG: Crawled (200) <GET http://www.yummly.com/recipes/fruit-smoothie-protein-shakes> (referer: http://www.yummly.com/recipes/vodka-martini-with-olive)
2015-03-01 11:33:08+0100 [YumlyScraper] DEBUG: Crawled (200) <GET http://www.yummly.com/recipes/potato-celery-lentil-soup> (referer: http://www.yummly.com/recipes/vodka-martini-with-olive)
2015-03-01 11:33:08+0100 [YumlyScraper] DEBUG: Crawled (200) <GET http://www.yummly.com/recipes/boneless-pork-chops-low-fat> (referer: http://www.yummly.com/recipes/homemade-breakfast-meals)
2015-03-01 11:33:08+0100 [YumlyScraper] INFO: Closing spider (shutdown)
2015-03-01 11:33:09+0100 [YumlyScraper] DEBUG: Crawled (200) <GET http://www.yummly.com/recipes/chicken-andouille-file-gumbo> (referer: http://www.yummly.com/recipes/homemade-breakfast-meals)
2015-03-01 11:33:09+0100 [YumlyScraper] DEBUG: Crawled (200) <GET http://www.yummly.com/recipes/brown-sugar-soy-marinade> (referer: http://www.yummly.com/recipes/bacon-garlic-potato-casserole)
2015-03-01 11:33:09+0100 [YumlyScraper] DEBUG: Crawled (200) <GET http://www.yummly.com/recipes/dijon-marsala> (referer: http://www.yummly.com/recipe/Chinese-American-Chow-Mein-608429)
2015-03-01 11:33:09+0100 [YumlyScraper] DEBUG: Crawled (200) <GET http://www.yummly.com/recipes/cinnamon-raisin-bread-egg> (referer: http://www.yummly.com/recipes/homemade-breakfast-meals)
2015-03-01 11:33:09+0100 [YumlyScraper] DEBUG: Crawled (200) <GET http://www.yummly.com/recipes/sweet-soy-mince> (referer: http://www.yummly.com/recipes/homemade-breakfast-meals)
2015-03-01 11:33:09+0100 [YumlyScraper] DEBUG: Crawled (200) <GET http://www.yummly.com/recipes/courgette-salad> (referer: http://www.yummly.com/recipes/frozen-green-mussels)
2015-03-01 11:33:11+0100 [YumlyScraper] DEBUG: Crawled (200) <GET http://www.yummly.com/recipes/fried-shrimp-with-cornstarch> (referer: http://www.yummly.com/recipes/homemade-breakfast-meals)
2015-03-01 11:33:11+0100 [YumlyScraper] DEBUG: Crawled (200) <GET http://www.yummly.com/recipes/marinated-grilled-shark-steak> (referer: http://www.yummly.com/recipes/frozen-green-mussels)
2015-03-01 11:33:11+0100 [YumlyScraper] DEBUG: Crawled (200) <GET http://www.yummly.com/recipes/hot-fudge-sauce-ice-cream> (referer: http://www.yummly.com/recipes/frozen-green-mussels)
2015-03-01 11:33:11+0100 [YumlyScraper] DEBUG: Crawled (200) <GET http://www.yummly.com/recipes/lemon-french-toast> (referer: http://www.yummly.com/recipes/bacon-garlic-potato-casserole)
2015-03-01 11:33:11+0100 [YumlyScraper] DEBUG: Crawled (200) <GET http://www.yummly.com/recipes/hamburger-skillet> (referer: http://www.yummly.com/recipes/frozen-green-mussels)
2015-03-01 11:33:13+0100 [YumlyScraper] DEBUG: Crawled (200) <GET http://www.yummly.com/recipes/mirliton-bread> (referer: http://www.yummly.com/recipes/frozen-green-mussels)
2015-03-01 11:33:13+0100 [YumlyScraper] INFO: Dumping Scrapy stats:
	{'downloader/request_bytes': 19119,
	 'downloader/request_count': 53,
	 'downloader/request_method_count/GET': 53,
	 'downloader/response_bytes': 2999289,
	 'downloader/response_count': 53,
	 'downloader/response_status_count/200': 51,
	 'downloader/response_status_count/302': 1,
	 'downloader/response_status_count/500': 1,
	 'dupefilter/filtered': 221,
	 'finish_reason': 'shutdown',
	 'finish_time': datetime.datetime(2015, 3, 1, 10, 33, 13, 321632),
	 'log_count/DEBUG': 62,
	 'log_count/INFO': 8,
	 'offsite/domains': 6,
	 'offsite/filtered': 233,
	 'request_depth_max': 3,
	 'response_received_count': 51,
	 'scheduler/dequeued': 53,
	 'scheduler/dequeued/memory': 53,
	 'scheduler/enqueued': 1940,
	 'scheduler/enqueued/memory': 1940,
	 'start_time': datetime.datetime(2015, 3, 1, 10, 32, 56, 253712)}
2015-03-01 11:33:13+0100 [YumlyScraper] INFO: Spider closed (shutdown)
